<?xml version="1.0" encoding="UTF-8"?>
<!-- Generated by org.testng.reporters.JUnitReportReporter -->
<testsuite hostname="VenkiSiriBhuvan" failures="0" tests="1" name="testng.VerifyDropdownwithExcelInTizag" time="0.532" errors="0" timestamp="2024-11-09T12:19:24 IST" skipped="0">
  <testcase classname="testng.VerifyDropdownwithExcelInTizag" name="VerifyDropDownValues" time="0.532"/>
</testsuite> <!-- testng.VerifyDropdownwithExcelInTizag -->
