<?xml version="1.0" encoding="UTF-8"?>
<!-- Generated by org.testng.reporters.JUnitReportReporter -->
<testsuite hostname="VenkiSiriBhuvan" failures="0" tests="1" name="practiceTestNG.NewTest2" time="0.150" errors="0" timestamp="2024-11-05T20:26:59 IST" skipped="0">
  <testcase classname="practiceTestNG.NewTest2" name="verifyTitle" time="0.150"/>
</testsuite> <!-- practiceTestNG.NewTest2 -->
