<?xml version="1.0" encoding="UTF-8"?>
<!-- Generated by org.testng.reporters.JUnitReportReporter -->
<testsuite hostname="VenkiSiriBhuvan" failures="0" tests="1" name="practiceTestNG.NewTest1" time="0.008" errors="0" timestamp="2024-11-05T20:25:10 IST" skipped="0">
  <testcase classname="practiceTestNG.NewTest1" name="getUrl" time="0.008"/>
</testsuite> <!-- practiceTestNG.NewTest1 -->
