<?xml version="1.0" encoding="UTF-8"?>
<!-- Generated by org.testng.reporters.JUnitReportReporter -->
<testsuite hostname="VenkiSiriBhuvan" failures="0" tests="1" name="testng.VerifyWebTableWithExcelData" time="0.770" errors="0" timestamp="2024-11-28T19:50:35 IST" skipped="0">
  <testcase classname="testng.VerifyWebTableWithExcelData" name="VerifyWebTableData" time="0.770"/>
</testsuite> <!-- testng.VerifyWebTableWithExcelData -->
