<?xml version="1.0" encoding="UTF-8"?>
<!-- Generated by org.testng.reporters.JUnitReportReporter -->
<testsuite hostname="VenkiSiriBhuvan" failures="0" tests="2" name="RunMultipleGroups.GroupTest2" time="0.001" errors="0" timestamp="2024-11-05T22:01:33 IST" skipped="0">
  <testcase classname="RunMultipleGroups.GroupTest2" name="checkDrafts" time="0.000"/>
  <testcase classname="RunMultipleGroups.GroupTest2" name="sentMail" time="0.001"/>
</testsuite> <!-- RunMultipleGroups.GroupTest2 -->
