<?xml version="1.0" encoding="UTF-8"?>
<!-- Generated by org.testng.reporters.JUnitReportReporter -->
<testsuite hostname="VenkiSiriBhuvan" failures="0" tests="1" name="testng.NewTest1" time="1.312" errors="0" timestamp="2024-11-05T20:06:50 IST" skipped="0">
  <testcase classname="testng.NewTest1" name="verifyTitleOfWebpage" time="1.312"/>
</testsuite> <!-- testng.NewTest1 -->
