<?xml version="1.0" encoding="UTF-8"?>
<!-- Generated by org.testng.reporters.JUnitReportReporter -->
<testsuite hostname="VenkiSiriBhuvan" failures="0" tests="1" name="testng.NewTest2" time="0.135" errors="0" timestamp="2024-11-05T20:07:09 IST" skipped="0">
  <testcase classname="testng.NewTest2" name="printTitle" time="0.135"/>
</testsuite> <!-- testng.NewTest2 -->
