<?xml version="1.0" encoding="UTF-8"?>
<!-- Generated by org.testng.reporters.JUnitReportReporter -->
<testsuite hostname="VenkiSiriBhuvan" failures="0" tests="1" name="testng.VerifyExcelDataWithExcelData" time="0.466" errors="0" timestamp="2024-11-11T21:01:05 IST" skipped="0">
  <testcase classname="testng.VerifyExcelDataWithExcelData" name="VerifyExcelDatawithExcelData" time="0.466"/>
</testsuite> <!-- testng.VerifyExcelDataWithExcelData -->
