<?xml version="1.0" encoding="UTF-8"?>
<!-- Generated by org.testng.reporters.JUnitReportReporter -->
<testsuite hostname="VenkiSiriBhuvan" failures="0" tests="3" name="RunMultipleGroups.GroupTest1" time="0.015" errors="0" timestamp="2024-11-05T22:01:33 IST" skipped="0">
  <testcase classname="RunMultipleGroups.GroupTest1" name="login" time="0.013"/>
  <testcase classname="RunMultipleGroups.GroupTest1" name="searchMail" time="0.001"/>
  <testcase classname="RunMultipleGroups.GroupTest1" name="checkMail" time="0.001"/>
</testsuite> <!-- RunMultipleGroups.GroupTest1 -->
