<?xml version="1.0" encoding="UTF-8"?>
<!-- Generated by org.testng.reporters.JUnitReportReporter -->
<testsuite hostname="VenkiSiriBhuvan" failures="0" tests="4" name="testng.PriorityTesting" time="0.007" errors="0" timestamp="2024-11-05T20:49:42 IST" skipped="1">
  <testcase classname="testng.PriorityTesting" name="login" time="0.005"/>
  <testcase classname="testng.PriorityTesting" name="checkMail" time="0.001"/>
  <testcase classname="testng.PriorityTesting" name="logout" time="0.001"/>
  <testcase classname="testng.PriorityTesting" name="searchMail">
    <skipped/>
  </testcase> <!-- searchMail -->
</testsuite> <!-- testng.PriorityTesting -->
